****                   ADMIXTURE Version 1.3.0                  ****
****                    Copyright 2008-2015                     ****
****           David Alexander, Suyash Shringarpure,            ****
****                John  Novembre, Ken Lange                   ****
****                                                            ****
****                 Please cite our paper!                     ****
****   Information at www.genetics.ucla.edu/software/admixture  ****

Cross-validation will be performed.  Folds=5.
Random seed: 43
Point estimation method: Block relaxation algorithm
Convergence acceleration algorithm: QuasiNewton, 3 secant conditions
Point estimation will terminate when objective function delta < 0.0001
Estimation of standard errors disabled; will compute point estimates only.
Size of G: 684x16269
Performing five EM steps to prime main algorithm
1 (EM) 	Elapsed: 7.076	Loglikelihood: -427123	(delta): 1.72293e+07
2 (EM) 	Elapsed: 7.071	Loglikelihood: -399254	(delta): 27869.6
3 (EM) 	Elapsed: 7.069	Loglikelihood: -395419	(delta): 3834.75
4 (EM) 	Elapsed: 7.065	Loglikelihood: -393204	(delta): 2214.74
5 (EM) 	Elapsed: 7.066	Loglikelihood: -391837	(delta): 1367.59
Initial loglikelihood: -391837
Starting main algorithm
1 (QN/Block) 	Elapsed: 17.422	Loglikelihood: -383198	(delta): 8638.32
2 (QN/Block) 	Elapsed: 17.444	Loglikelihood: -379297	(delta): 3901.39
3 (QN/Block) 	Elapsed: 19.231	Loglikelihood: -376085	(delta): 3212.14
4 (QN/Block) 	Elapsed: 4.754	Loglikelihood: -373779	(delta): 2305.45
5 (QN/Block) 	Elapsed: 4.291	Loglikelihood: -372379	(delta): 1399.82
6 (QN/Block) 	Elapsed: 4.735	Loglikelihood: -371613	(delta): 766.717
7 (QN/Block) 	Elapsed: 4.271	Loglikelihood: -371111	(delta): 501.227
8 (QN/Block) 	Elapsed: 4.261	Loglikelihood: -370767	(delta): 344.031
9 (QN/Block) 	Elapsed: 4.246	Loglikelihood: -370375	(delta): 392.434
10 (QN/Block) 	Elapsed: 4.28	Loglikelihood: -370114	(delta): 260.67
11 (QN/Block) 	Elapsed: 4.509	Loglikelihood: -370003	(delta): 111.424
12 (QN/Block) 	Elapsed: 4.499	Loglikelihood: -369967	(delta): 36.3491
13 (QN/Block) 	Elapsed: 4.273	Loglikelihood: -369930	(delta): 36.6646
14 (QN/Block) 	Elapsed: 4.718	Loglikelihood: -369907	(delta): 23.1284
15 (QN/Block) 	Elapsed: 4.505	Loglikelihood: -369889	(delta): 17.4709
16 (QN/Block) 	Elapsed: 4.506	Loglikelihood: -369836	(delta): 52.8213
17 (QN/Block) 	Elapsed: 4.727	Loglikelihood: -369796	(delta): 40.0241
18 (QN/Block) 	Elapsed: 4.273	Loglikelihood: -369767	(delta): 29.8088
19 (QN/Block) 	Elapsed: 4.732	Loglikelihood: -369715	(delta): 51.6958
20 (QN/Block) 	Elapsed: 4.729	Loglikelihood: -369677	(delta): 38.1399
21 (QN/Block) 	Elapsed: 4.274	Loglikelihood: -369649	(delta): 28.1915
22 (QN/Block) 	Elapsed: 4.489	Loglikelihood: -369638	(delta): 10.6753
23 (QN/Block) 	Elapsed: 5.092	Loglikelihood: -369631	(delta): 6.40575
24 (QN/Block) 	Elapsed: 20.841	Loglikelihood: -369621	(delta): 10.0618
25 (QN/Block) 	Elapsed: 22.987	Loglikelihood: -369615	(delta): 6.4519
26 (QN/Block) 	Elapsed: 20.85	Loglikelihood: -369613	(delta): 1.522
27 (QN/Block) 	Elapsed: 20.788	Loglikelihood: -369613	(delta): 0.713028
28 (QN/Block) 	Elapsed: 19.704	Loglikelihood: -369612	(delta): 0.371071
29 (QN/Block) 	Elapsed: 23.084	Loglikelihood: -369607	(delta): 5.74436
30 (QN/Block) 	Elapsed: 23.094	Loglikelihood: -369585	(delta): 21.3921
31 (QN/Block) 	Elapsed: 23.097	Loglikelihood: -369541	(delta): 44.1896
32 (QN/Block) 	Elapsed: 20.848	Loglikelihood: -369445	(delta): 96.3092
33 (QN/Block) 	Elapsed: 21.942	Loglikelihood: -369418	(delta): 27.2207
34 (QN/Block) 	Elapsed: 19.691	Loglikelihood: -369414	(delta): 3.39175
35 (QN/Block) 	Elapsed: 19.671	Loglikelihood: -369413	(delta): 0.76451
36 (QN/Block) 	Elapsed: 21.943	Loglikelihood: -369413	(delta): 0.604786
37 (QN/Block) 	Elapsed: 23.091	Loglikelihood: -369413	(delta): 0.219546
38 (QN/Block) 	Elapsed: 23.065	Loglikelihood: -369412	(delta): 0.339231
39 (QN/Block) 	Elapsed: 23.031	Loglikelihood: -369411	(delta): 0.896648
40 (QN/Block) 	Elapsed: 23.03	Loglikelihood: -369406	(delta): 4.83051
41 (QN/Block) 	Elapsed: 23.038	Loglikelihood: -369398	(delta): 8.638
42 (QN/Block) 	Elapsed: 23.04	Loglikelihood: -369396	(delta): 1.60498
43 (QN/Block) 	Elapsed: 19.698	Loglikelihood: -369396	(delta): 0.515657
44 (QN/Block) 	Elapsed: 20.743	Loglikelihood: -369396	(delta): 0.162097
45 (QN/Block) 	Elapsed: 19.774	Loglikelihood: -369395	(delta): 0.133929
46 (QN/Block) 	Elapsed: 23.082	Loglikelihood: -369392	(delta): 3.64119
47 (QN/Block) 	Elapsed: 19.645	Loglikelihood: -369391	(delta): 0.626579
48 (QN/Block) 	Elapsed: 23.054	Loglikelihood: -369391	(delta): 0.0771841
49 (QN/Block) 	Elapsed: 19.683	Loglikelihood: -369391	(delta): 0.114439
50 (QN/Block) 	Elapsed: 19.709	Loglikelihood: -369391	(delta): 0.0118382
51 (QN/Block) 	Elapsed: 19.667	Loglikelihood: -369391	(delta): 0.00263699
52 (QN/Block) 	Elapsed: 19.702	Loglikelihood: -369391	(delta): 0.00112232
53 (QN/Block) 	Elapsed: 19.742	Loglikelihood: -369391	(delta): 0.000885218
54 (QN/Block) 	Elapsed: 19.703	Loglikelihood: -369391	(delta): 0.000662762
55 (QN/Block) 	Elapsed: 19.709	Loglikelihood: -369391	(delta): 0.000583961
56 (QN/Block) 	Elapsed: 19.642	Loglikelihood: -369391	(delta): 0.000809819
57 (QN/Block) 	Elapsed: 23.085	Loglikelihood: -369391	(delta): 0.00017558
58 (QN/Block) 	Elapsed: 23.086	Loglikelihood: -369391	(delta): 0.000147609
59 (QN/Block) 	Elapsed: 23.125	Loglikelihood: -369391	(delta): 0.000157687
60 (QN/Block) 	Elapsed: 22.984	Loglikelihood: -369391	(delta): 0.000175204
61 (QN/Block) 	Elapsed: 23.099	Loglikelihood: -369391	(delta): 0.000176051
62 (QN/Block) 	Elapsed: 23.092	Loglikelihood: -369391	(delta): 4.01295e-05
Summary: 
Converged in 62 iterations (1079.4 sec)
Loglikelihood: -369390.942857
Fst divergences between estimated populations: 
	Pop0	Pop1	
Pop0	
Pop1	0.088	
Pop2	0.063	0.081	
CV error (K=3): 0.03242
Writing output files.
