****                   ADMIXTURE Version 1.3.0                  ****
****                    Copyright 2008-2015                     ****
****           David Alexander, Suyash Shringarpure,            ****
****                John  Novembre, Ken Lange                   ****
****                                                            ****
****                 Please cite our paper!                     ****
****   Information at www.genetics.ucla.edu/software/admixture  ****

Cross-validation will be performed.  Folds=5.
Random seed: 43
Point estimation method: Block relaxation algorithm
Convergence acceleration algorithm: QuasiNewton, 3 secant conditions
Point estimation will terminate when objective function delta < 0.0001
Estimation of standard errors disabled; will compute point estimates only.
Size of G: 1846x44040
Performing five EM steps to prime main algorithm
1 (EM) 	Elapsed: 13.588	Loglikelihood: -1.77755e+06	(delta): 1.15156e+08
2 (EM) 	Elapsed: 13.538	Loglikelihood: -1.53608e+06	(delta): 241471
3 (EM) 	Elapsed: 13.488	Loglikelihood: -1.51806e+06	(delta): 18025.2
4 (EM) 	Elapsed: 13.535	Loglikelihood: -1.50914e+06	(delta): 8915.2
5 (EM) 	Elapsed: 13.557	Loglikelihood: -1.50293e+06	(delta): 6215.93
Initial loglikelihood: -1.50293e+06
Starting main algorithm
1 (QN/Block) 	Elapsed: 42.29	Loglikelihood: -1.41194e+06	(delta): 90983.1
2 (QN/Block) 	Elapsed: 42.278	Loglikelihood: -1.3586e+06	(delta): 53343.1
3 (QN/Block) 	Elapsed: 44.453	Loglikelihood: -1.33472e+06	(delta): 23875.9
4 (QN/Block) 	Elapsed: 44.319	Loglikelihood: -1.32367e+06	(delta): 11051.8
5 (QN/Block) 	Elapsed: 47.64	Loglikelihood: -1.31843e+06	(delta): 5245.57
6 (QN/Block) 	Elapsed: 55.471	Loglikelihood: -1.31436e+06	(delta): 4067.96
7 (QN/Block) 	Elapsed: 44.221	Loglikelihood: -1.31217e+06	(delta): 2190.43
8 (QN/Block) 	Elapsed: 44.229	Loglikelihood: -1.31087e+06	(delta): 1294.29
9 (QN/Block) 	Elapsed: 44.596	Loglikelihood: -1.30991e+06	(delta): 966.941
10 (QN/Block) 	Elapsed: 45.615	Loglikelihood: -1.30951e+06	(delta): 399.254
11 (QN/Block) 	Elapsed: 45.387	Loglikelihood: -1.30916e+06	(delta): 349.314
12 (QN/Block) 	Elapsed: 44.453	Loglikelihood: -1.30889e+06	(delta): 263.181
13 (QN/Block) 	Elapsed: 44.652	Loglikelihood: -1.30873e+06	(delta): 165.44
14 (QN/Block) 	Elapsed: 53.702	Loglikelihood: -1.30863e+06	(delta): 98.1414
15 (QN/Block) 	Elapsed: 51.599	Loglikelihood: -1.30843e+06	(delta): 199.514
16 (QN/Block) 	Elapsed: 46.558	Loglikelihood: -1.30835e+06	(delta): 84.57
17 (QN/Block) 	Elapsed: 46.95	Loglikelihood: -1.30817e+06	(delta): 172.029
18 (QN/Block) 	Elapsed: 44.618	Loglikelihood: -1.30796e+06	(delta): 212
19 (QN/Block) 	Elapsed: 46.484	Loglikelihood: -1.30785e+06	(delta): 117.23
20 (QN/Block) 	Elapsed: 45.709	Loglikelihood: -1.30765e+06	(delta): 191.066
21 (QN/Block) 	Elapsed: 44.002	Loglikelihood: -1.30757e+06	(delta): 83.2744
22 (QN/Block) 	Elapsed: 43.815	Loglikelihood: -1.30749e+06	(delta): 78.5807
23 (QN/Block) 	Elapsed: 45.483	Loglikelihood: -1.30741e+06	(delta): 83.7775
24 (QN/Block) 	Elapsed: 46.445	Loglikelihood: -1.30724e+06	(delta): 165.447
25 (QN/Block) 	Elapsed: 44.725	Loglikelihood: -1.30699e+06	(delta): 253.673
26 (QN/Block) 	Elapsed: 43.939	Loglikelihood: -1.30688e+06	(delta): 105.017
27 (QN/Block) 	Elapsed: 43.733	Loglikelihood: -1.30678e+06	(delta): 100.27
28 (QN/Block) 	Elapsed: 44.409	Loglikelihood: -1.30672e+06	(delta): 61.0045
29 (QN/Block) 	Elapsed: 45.425	Loglikelihood: -1.30669e+06	(delta): 33.5702
30 (QN/Block) 	Elapsed: 44.184	Loglikelihood: -1.30667e+06	(delta): 21.5144
31 (QN/Block) 	Elapsed: 46.325	Loglikelihood: -1.30666e+06	(delta): 8.14409
32 (QN/Block) 	Elapsed: 45.993	Loglikelihood: -1.30665e+06	(delta): 8.02173
33 (QN/Block) 	Elapsed: 46.89	Loglikelihood: -1.30665e+06	(delta): 3.3508
34 (QN/Block) 	Elapsed: 45.22	Loglikelihood: -1.30665e+06	(delta): 2.62407
35 (QN/Block) 	Elapsed: 46.045	Loglikelihood: -1.30664e+06	(delta): 10.8067
36 (QN/Block) 	Elapsed: 46.88	Loglikelihood: -1.30661e+06	(delta): 20.8093
37 (QN/Block) 	Elapsed: 44.802	Loglikelihood: -1.30661e+06	(delta): 4.86017
38 (QN/Block) 	Elapsed: 46.889	Loglikelihood: -1.30661e+06	(delta): 1.29576
39 (QN/Block) 	Elapsed: 46.1	Loglikelihood: -1.30661e+06	(delta): 0.869581
40 (QN/Block) 	Elapsed: 46.913	Loglikelihood: -1.30661e+06	(delta): 0.436028
41 (QN/Block) 	Elapsed: 47.334	Loglikelihood: -1.3066e+06	(delta): 4.02004
42 (QN/Block) 	Elapsed: 46.827	Loglikelihood: -1.3066e+06	(delta): 4.35174
43 (QN/Block) 	Elapsed: 46.506	Loglikelihood: -1.3066e+06	(delta): 0.370706
44 (QN/Block) 	Elapsed: 57.935	Loglikelihood: -1.3066e+06	(delta): 0.228464
45 (QN/Block) 	Elapsed: 46.652	Loglikelihood: -1.3066e+06	(delta): 0.490886
46 (QN/Block) 	Elapsed: 45.777	Loglikelihood: -1.3066e+06	(delta): 0.789587
47 (QN/Block) 	Elapsed: 45.695	Loglikelihood: -1.30659e+06	(delta): 3.61957
48 (QN/Block) 	Elapsed: 45.046	Loglikelihood: -1.30658e+06	(delta): 15.5504
49 (QN/Block) 	Elapsed: 44.631	Loglikelihood: -1.30656e+06	(delta): 12.5359
50 (QN/Block) 	Elapsed: 46.956	Loglikelihood: -1.30656e+06	(delta): 1.0978
51 (QN/Block) 	Elapsed: 44.202	Loglikelihood: -1.30656e+06	(delta): 0.346032
52 (QN/Block) 	Elapsed: 53.772	Loglikelihood: -1.30656e+06	(delta): 0.237748
53 (QN/Block) 	Elapsed: 51.534	Loglikelihood: -1.30656e+06	(delta): 0.0372288
54 (QN/Block) 	Elapsed: 43.996	Loglikelihood: -1.30656e+06	(delta): 0.0664053
55 (QN/Block) 	Elapsed: 43.456	Loglikelihood: -1.30656e+06	(delta): 0.360628
56 (QN/Block) 	Elapsed: 46.816	Loglikelihood: -1.30656e+06	(delta): 0.109621
57 (QN/Block) 	Elapsed: 45.546	Loglikelihood: -1.30656e+06	(delta): 0.149722
58 (QN/Block) 	Elapsed: 46.427	Loglikelihood: -1.30656e+06	(delta): 0.280819
59 (QN/Block) 	Elapsed: 45.143	Loglikelihood: -1.30656e+06	(delta): 0.109031
60 (QN/Block) 	Elapsed: 46.232	Loglikelihood: -1.30656e+06	(delta): 0.11675
61 (QN/Block) 	Elapsed: 46.847	Loglikelihood: -1.30656e+06	(delta): 5.69229
62 (QN/Block) 	Elapsed: 45.03	Loglikelihood: -1.30655e+06	(delta): 2.65209
63 (QN/Block) 	Elapsed: 46.799	Loglikelihood: -1.30654e+06	(delta): 14.4359
64 (QN/Block) 	Elapsed: 46.238	Loglikelihood: -1.30652e+06	(delta): 18.7901
65 (QN/Block) 	Elapsed: 46.465	Loglikelihood: -1.30652e+06	(delta): 2.35818
66 (QN/Block) 	Elapsed: 46.31	Loglikelihood: -1.30651e+06	(delta): 9.45005
67 (QN/Block) 	Elapsed: 43.816	Loglikelihood: -1.3065e+06	(delta): 10.9805
68 (QN/Block) 	Elapsed: 44.886	Loglikelihood: -1.3065e+06	(delta): 1.81032
69 (QN/Block) 	Elapsed: 45.035	Loglikelihood: -1.3065e+06	(delta): 0.486476
70 (QN/Block) 	Elapsed: 45.978	Loglikelihood: -1.3065e+06	(delta): 0.270635
71 (QN/Block) 	Elapsed: 47.262	Loglikelihood: -1.30649e+06	(delta): 0.350508
72 (QN/Block) 	Elapsed: 46.879	Loglikelihood: -1.30649e+06	(delta): 0.499988
73 (QN/Block) 	Elapsed: 46.112	Loglikelihood: -1.30649e+06	(delta): 0.509017
74 (QN/Block) 	Elapsed: 45.372	Loglikelihood: -1.30649e+06	(delta): 0.20963
75 (QN/Block) 	Elapsed: 46.047	Loglikelihood: -1.30649e+06	(delta): 0.0325048
76 (QN/Block) 	Elapsed: 45.806	Loglikelihood: -1.30649e+06	(delta): 0.0303512
77 (QN/Block) 	Elapsed: 46.555	Loglikelihood: -1.30649e+06	(delta): 0.0197729
78 (QN/Block) 	Elapsed: 45.823	Loglikelihood: -1.30649e+06	(delta): 0.0145534
79 (QN/Block) 	Elapsed: 46.154	Loglikelihood: -1.30649e+06	(delta): 0.0114483
80 (QN/Block) 	Elapsed: 45.118	Loglikelihood: -1.30649e+06	(delta): 0.0112341
81 (QN/Block) 	Elapsed: 46.312	Loglikelihood: -1.30649e+06	(delta): 0.00658101
82 (QN/Block) 	Elapsed: 57.258	Loglikelihood: -1.30649e+06	(delta): 0.00400502
83 (QN/Block) 	Elapsed: 46.941	Loglikelihood: -1.30649e+06	(delta): 0.000941754
84 (QN/Block) 	Elapsed: 44.03	Loglikelihood: -1.30649e+06	(delta): 0.000249684
85 (QN/Block) 	Elapsed: 45.236	Loglikelihood: -1.30649e+06	(delta): 0.000403531
86 (QN/Block) 	Elapsed: 46.204	Loglikelihood: -1.30649e+06	(delta): 2.71741e-05
Summary: 
Converged in 86 iterations (4126.66 sec)
Loglikelihood: -1306493.406023
Fst divergences between estimated populations: 
	Pop0	Pop1	Pop2	Pop3	Pop4	Pop5	Pop6	Pop7	Pop8	
Pop0	
Pop1	0.100	
Pop2	0.052	0.081	
Pop3	0.054	0.070	0.033	
Pop4	0.072	0.115	0.056	0.061	
Pop5	0.071	0.096	0.036	0.048	0.074	
Pop6	0.062	0.076	0.037	0.023	0.065	0.038	
Pop7	0.136	0.224	0.139	0.146	0.155	0.160	0.156	
Pop8	0.351	0.512	0.347	0.360	0.350	0.367	0.360	0.421	
Pop9	0.045	0.109	0.059	0.056	0.073	0.083	0.061	0.137	0.350	
CV error (K=10): 0.01953
Writing output files.
