****                   ADMIXTURE Version 1.3.0                  ****
****                    Copyright 2008-2015                     ****
****           David Alexander, Suyash Shringarpure,            ****
****                John  Novembre, Ken Lange                   ****
****                                                            ****
****                 Please cite our paper!                     ****
****   Information at www.genetics.ucla.edu/software/admixture  ****

Cross-validation will be performed.  Folds=5.
Random seed: 43
Point estimation method: Block relaxation algorithm
Convergence acceleration algorithm: QuasiNewton, 3 secant conditions
Point estimation will terminate when objective function delta < 0.0001
Estimation of standard errors disabled; will compute point estimates only.
Size of G: 1846x44040
Performing five EM steps to prime main algorithm
1 (EM) 	Elapsed: 2.643	Loglikelihood: -1.60653e+06	(delta): 1.36004e+08
2 (EM) 	Elapsed: 2.66	Loglikelihood: -1.53407e+06	(delta): 72457.1
3 (EM) 	Elapsed: 2.663	Loglikelihood: -1.52448e+06	(delta): 9588.99
4 (EM) 	Elapsed: 2.666	Loglikelihood: -1.51962e+06	(delta): 4862.39
5 (EM) 	Elapsed: 2.66	Loglikelihood: -1.51717e+06	(delta): 2449.08
Initial loglikelihood: -1.51717e+06
Starting main algorithm
1 (QN/Block) 	Elapsed: 5.551	Loglikelihood: -1.49517e+06	(delta): 22001.4
2 (QN/Block) 	Elapsed: 5.537	Loglikelihood: -1.48303e+06	(delta): 12137.1
3 (QN/Block) 	Elapsed: 6.795	Loglikelihood: -1.47525e+06	(delta): 7779.27
4 (QN/Block) 	Elapsed: 6.571	Loglikelihood: -1.47078e+06	(delta): 4475.43
5 (QN/Block) 	Elapsed: 7.485	Loglikelihood: -1.46956e+06	(delta): 1219.42
6 (QN/Block) 	Elapsed: 7.004	Loglikelihood: -1.46924e+06	(delta): 315.026
7 (QN/Block) 	Elapsed: 6.836	Loglikelihood: -1.46905e+06	(delta): 196.784
8 (QN/Block) 	Elapsed: 6.433	Loglikelihood: -1.46898e+06	(delta): 65.7956
9 (QN/Block) 	Elapsed: 6.446	Loglikelihood: -1.46895e+06	(delta): 28.5019
10 (QN/Block) 	Elapsed: 6.84	Loglikelihood: -1.46895e+06	(delta): 2.10894
11 (QN/Block) 	Elapsed: 7.698	Loglikelihood: -1.46895e+06	(delta): 0.438298
12 (QN/Block) 	Elapsed: 7.7	Loglikelihood: -1.46895e+06	(delta): 0.142322
13 (QN/Block) 	Elapsed: 6.426	Loglikelihood: -1.46895e+06	(delta): 0.120937
14 (QN/Block) 	Elapsed: 6.845	Loglikelihood: -1.46895e+06	(delta): 0.0388558
15 (QN/Block) 	Elapsed: 7.272	Loglikelihood: -1.46895e+06	(delta): 0.0137042
16 (QN/Block) 	Elapsed: 6.423	Loglikelihood: -1.46895e+06	(delta): 0.0127249
17 (QN/Block) 	Elapsed: 7.708	Loglikelihood: -1.46895e+06	(delta): 0.00379393
18 (QN/Block) 	Elapsed: 7.803	Loglikelihood: -1.46895e+06	(delta): 0.00389271
19 (QN/Block) 	Elapsed: 6.457	Loglikelihood: -1.46895e+06	(delta): 0.0129177
20 (QN/Block) 	Elapsed: 7.559	Loglikelihood: -1.46895e+06	(delta): 0.0133096
21 (QN/Block) 	Elapsed: 7.594	Loglikelihood: -1.46895e+06	(delta): 0.0431277
22 (QN/Block) 	Elapsed: 7.679	Loglikelihood: -1.46895e+06	(delta): 0.00393231
23 (QN/Block) 	Elapsed: 7.597	Loglikelihood: -1.46895e+06	(delta): 0.000122878
24 (QN/Block) 	Elapsed: 6.294	Loglikelihood: -1.46895e+06	(delta): 0.00020212
25 (QN/Block) 	Elapsed: 6.363	Loglikelihood: -1.46895e+06	(delta): 5.15897e-05
Summary: 
Converged in 25 iterations (200.131 sec)
Loglikelihood: -1468950.124450
Fst divergences between estimated populations: 
	Pop0	
Pop0	
Pop1	0.034	
CV error (K=2): 0.01956
Writing output files.
