****                   ADMIXTURE Version 1.3.0                  ****
****                    Copyright 2008-2015                     ****
****           David Alexander, Suyash Shringarpure,            ****
****                John  Novembre, Ken Lange                   ****
****                                                            ****
****                 Please cite our paper!                     ****
****   Information at www.genetics.ucla.edu/software/admixture  ****

Cross-validation will be performed.  Folds=5.
Random seed: 43
Point estimation method: Block relaxation algorithm
Convergence acceleration algorithm: QuasiNewton, 3 secant conditions
Point estimation will terminate when objective function delta < 0.0001
Estimation of standard errors disabled; will compute point estimates only.
Size of G: 1846x16269
Performing five EM steps to prime main algorithm
1 (EM) 	Elapsed: 10.275	Loglikelihood: -926159	(delta): 4.23404e+07
2 (EM) 	Elapsed: 10.893	Loglikelihood: -828797	(delta): 97362.4
3 (EM) 	Elapsed: 10.968	Loglikelihood: -820842	(delta): 7954.68
4 (EM) 	Elapsed: 10.941	Loglikelihood: -816778	(delta): 4064.18
5 (EM) 	Elapsed: 10.934	Loglikelihood: -813863	(delta): 2915.4
Initial loglikelihood: -813863
Starting main algorithm
1 (QN/Block) 	Elapsed: 31.053	Loglikelihood: -747790	(delta): 66072.5
2 (QN/Block) 	Elapsed: 30.961	Loglikelihood: -713342	(delta): 34447.8
3 (QN/Block) 	Elapsed: 33.424	Loglikelihood: -699730	(delta): 13611.9
4 (QN/Block) 	Elapsed: 33.417	Loglikelihood: -693313	(delta): 6417.84
5 (QN/Block) 	Elapsed: 33.461	Loglikelihood: -690836	(delta): 2476.81
6 (QN/Block) 	Elapsed: 33.412	Loglikelihood: -689724	(delta): 1111.8
7 (QN/Block) 	Elapsed: 33.436	Loglikelihood: -689028	(delta): 695.696
8 (QN/Block) 	Elapsed: 32.561	Loglikelihood: -688596	(delta): 431.888
9 (QN/Block) 	Elapsed: 33.35	Loglikelihood: -688376	(delta): 220.027
10 (QN/Block) 	Elapsed: 34.165	Loglikelihood: -688216	(delta): 160.491
11 (QN/Block) 	Elapsed: 34.11	Loglikelihood: -688086	(delta): 130.033
12 (QN/Block) 	Elapsed: 34.125	Loglikelihood: -687989	(delta): 96.7833
13 (QN/Block) 	Elapsed: 34.057	Loglikelihood: -687912	(delta): 77.1806
14 (QN/Block) 	Elapsed: 33.328	Loglikelihood: -687804	(delta): 107.58
15 (QN/Block) 	Elapsed: 33.388	Loglikelihood: -687659	(delta): 144.859
16 (QN/Block) 	Elapsed: 33.337	Loglikelihood: -687458	(delta): 201.872
17 (QN/Block) 	Elapsed: 33.482	Loglikelihood: -687295	(delta): 162.829
18 (QN/Block) 	Elapsed: 33.506	Loglikelihood: -687168	(delta): 127.038
19 (QN/Block) 	Elapsed: 33.395	Loglikelihood: -687113	(delta): 54.7244
20 (QN/Block) 	Elapsed: 32.618	Loglikelihood: -687076	(delta): 37.0047
21 (QN/Block) 	Elapsed: 32.618	Loglikelihood: -687044	(delta): 32.1545
22 (QN/Block) 	Elapsed: 32.59	Loglikelihood: -686967	(delta): 77.0254
23 (QN/Block) 	Elapsed: 33.371	Loglikelihood: -686905	(delta): 61.5112
24 (QN/Block) 	Elapsed: 34.104	Loglikelihood: -686842	(delta): 63.3954
25 (QN/Block) 	Elapsed: 34.106	Loglikelihood: -686784	(delta): 57.9069
26 (QN/Block) 	Elapsed: 32.274	Loglikelihood: -686736	(delta): 48.2108
27 (QN/Block) 	Elapsed: 33.611	Loglikelihood: -686666	(delta): 69.6595
28 (QN/Block) 	Elapsed: 32.89	Loglikelihood: -686610	(delta): 56.3851
29 (QN/Block) 	Elapsed: 32.983	Loglikelihood: -686514	(delta): 96.0511
30 (QN/Block) 	Elapsed: 32.853	Loglikelihood: -686464	(delta): 49.2545
31 (QN/Block) 	Elapsed: 32.909	Loglikelihood: -686445	(delta): 18.9333
32 (QN/Block) 	Elapsed: 32.87	Loglikelihood: -686434	(delta): 11.2526
33 (QN/Block) 	Elapsed: 32.946	Loglikelihood: -686423	(delta): 10.9811
34 (QN/Block) 	Elapsed: 35.217	Loglikelihood: -686411	(delta): 12.4576
35 (QN/Block) 	Elapsed: 33.811	Loglikelihood: -686384	(delta): 27.0441
36 (QN/Block) 	Elapsed: 34.379	Loglikelihood: -686378	(delta): 5.60483
37 (QN/Block) 	Elapsed: 34.442	Loglikelihood: -686376	(delta): 1.75206
38 (QN/Block) 	Elapsed: 32.875	Loglikelihood: -686376	(delta): 0.326059
39 (QN/Block) 	Elapsed: 32.848	Loglikelihood: -686376	(delta): 0.204326
40 (QN/Block) 	Elapsed: 32.906	Loglikelihood: -686374	(delta): 1.36191
41 (QN/Block) 	Elapsed: 33.844	Loglikelihood: -686344	(delta): 30.722
42 (QN/Block) 	Elapsed: 35.214	Loglikelihood: -686341	(delta): 2.35504
43 (QN/Block) 	Elapsed: 35.295	Loglikelihood: -686335	(delta): 6.19889
44 (QN/Block) 	Elapsed: 32.974	Loglikelihood: -686335	(delta): 0.186585
45 (QN/Block) 	Elapsed: 32.956	Loglikelihood: -686335	(delta): 0.491513
46 (QN/Block) 	Elapsed: 32.904	Loglikelihood: -686334	(delta): 0.0811205
47 (QN/Block) 	Elapsed: 32.99	Loglikelihood: -686334	(delta): 0.126072
48 (QN/Block) 	Elapsed: 35.103	Loglikelihood: -686334	(delta): 0.0263693
49 (QN/Block) 	Elapsed: 32.882	Loglikelihood: -686334	(delta): 0.00615994
50 (QN/Block) 	Elapsed: 35.314	Loglikelihood: -686334	(delta): 0.00370422
51 (QN/Block) 	Elapsed: 35.269	Loglikelihood: -686334	(delta): 0.00329456
52 (QN/Block) 	Elapsed: 35.335	Loglikelihood: -686334	(delta): 0.0125726
53 (QN/Block) 	Elapsed: 35.099	Loglikelihood: -686334	(delta): 0.132892
54 (QN/Block) 	Elapsed: 35.142	Loglikelihood: -686334	(delta): 0.00223068
55 (QN/Block) 	Elapsed: 32.827	Loglikelihood: -686334	(delta): 0.000626543
56 (QN/Block) 	Elapsed: 33.081	Loglikelihood: -686334	(delta): 0.00027684
57 (QN/Block) 	Elapsed: 32.847	Loglikelihood: -686334	(delta): 4.61896e-05
Summary: 
Converged in 57 iterations (2013.31 sec)
Loglikelihood: -686334.113510
Fst divergences between estimated populations: 
	Pop0	Pop1	Pop2	Pop3	Pop4	Pop5	Pop6	Pop7	
Pop0	
Pop1	0.201	
Pop2	0.192	0.158	
Pop3	0.189	0.193	0.184	
Pop4	0.181	0.205	0.195	0.235	
Pop5	0.255	0.242	0.213	0.250	0.311	
Pop6	0.150	0.207	0.130	0.141	0.203	0.214	
Pop7	0.188	0.223	0.237	0.188	0.251	0.260	0.184	
Pop8	0.210	0.144	0.138	0.205	0.192	0.282	0.187	0.215	
CV error (K=9): 0.02676
Writing output files.
