****                   ADMIXTURE Version 1.3.0                  ****
****                    Copyright 2008-2015                     ****
****           David Alexander, Suyash Shringarpure,            ****
****                John  Novembre, Ken Lange                   ****
****                                                            ****
****                 Please cite our paper!                     ****
****   Information at www.genetics.ucla.edu/software/admixture  ****

Cross-validation will be performed.  Folds=5.
Random seed: 43
Point estimation method: Block relaxation algorithm
Convergence acceleration algorithm: QuasiNewton, 3 secant conditions
Point estimation will terminate when objective function delta < 0.0001
Estimation of standard errors disabled; will compute point estimates only.
Size of G: 1846x16269
Performing five EM steps to prime main algorithm
1 (EM) 	Elapsed: 7.833	Loglikelihood: -928004	(delta): 4.30044e+07
2 (EM) 	Elapsed: 7.811	Loglikelihood: -829953	(delta): 98051.6
3 (EM) 	Elapsed: 7.788	Loglikelihood: -822052	(delta): 7900.12
4 (EM) 	Elapsed: 7.805	Loglikelihood: -817760	(delta): 4292.22
5 (EM) 	Elapsed: 7.783	Loglikelihood: -814662	(delta): 3098
Initial loglikelihood: -814662
Starting main algorithm
1 (QN/Block) 	Elapsed: 19.077	Loglikelihood: -763173	(delta): 51488.9
2 (QN/Block) 	Elapsed: 18.013	Loglikelihood: -733570	(delta): 29602.8
3 (QN/Block) 	Elapsed: 19.968	Loglikelihood: -722030	(delta): 11540.8
4 (QN/Block) 	Elapsed: 19.934	Loglikelihood: -715588	(delta): 6441.41
5 (QN/Block) 	Elapsed: 21.182	Loglikelihood: -712293	(delta): 3294.81
6 (QN/Block) 	Elapsed: 21.726	Loglikelihood: -710741	(delta): 1552.85
7 (QN/Block) 	Elapsed: 21.708	Loglikelihood: -709819	(delta): 921.105
8 (QN/Block) 	Elapsed: 21.809	Loglikelihood: -708869	(delta): 950.214
9 (QN/Block) 	Elapsed: 22.526	Loglikelihood: -708041	(delta): 828.174
10 (QN/Block) 	Elapsed: 22.489	Loglikelihood: -707569	(delta): 471.671
11 (QN/Block) 	Elapsed: 21.711	Loglikelihood: -707233	(delta): 336.392
12 (QN/Block) 	Elapsed: 22.448	Loglikelihood: -706991	(delta): 241.529
13 (QN/Block) 	Elapsed: 22.475	Loglikelihood: -706815	(delta): 176.266
14 (QN/Block) 	Elapsed: 22.434	Loglikelihood: -706456	(delta): 359.544
15 (QN/Block) 	Elapsed: 22.455	Loglikelihood: -706177	(delta): 278.984
16 (QN/Block) 	Elapsed: 21.741	Loglikelihood: -705872	(delta): 304.673
17 (QN/Block) 	Elapsed: 21.733	Loglikelihood: -705590	(delta): 281.911
18 (QN/Block) 	Elapsed: 21.761	Loglikelihood: -705356	(delta): 234.081
19 (QN/Block) 	Elapsed: 21.816	Loglikelihood: -705173	(delta): 182.659
20 (QN/Block) 	Elapsed: 21.808	Loglikelihood: -705043	(delta): 130.01
21 (QN/Block) 	Elapsed: 21.732	Loglikelihood: -704965	(delta): 78.7296
22 (QN/Block) 	Elapsed: 21.707	Loglikelihood: -704892	(delta): 72.8683
23 (QN/Block) 	Elapsed: 21.727	Loglikelihood: -704702	(delta): 189.672
24 (QN/Block) 	Elapsed: 21.136	Loglikelihood: -704536	(delta): 165.772
25 (QN/Block) 	Elapsed: 21.151	Loglikelihood: -704342	(delta): 194.35
26 (QN/Block) 	Elapsed: 21.684	Loglikelihood: -704135	(delta): 206.551
27 (QN/Block) 	Elapsed: 21.861	Loglikelihood: -703958	(delta): 177.401
28 (QN/Block) 	Elapsed: 21.361	Loglikelihood: -703817	(delta): 140.566
29 (QN/Block) 	Elapsed: 20.919	Loglikelihood: -703720	(delta): 97.6869
30 (QN/Block) 	Elapsed: 21.362	Loglikelihood: -703650	(delta): 69.5726
31 (QN/Block) 	Elapsed: 21.707	Loglikelihood: -703573	(delta): 77.3071
32 (QN/Block) 	Elapsed: 23.151	Loglikelihood: -703532	(delta): 40.8823
33 (QN/Block) 	Elapsed: 23.067	Loglikelihood: -703510	(delta): 21.7552
34 (QN/Block) 	Elapsed: 23.081	Loglikelihood: -703495	(delta): 15.1539
35 (QN/Block) 	Elapsed: 21.684	Loglikelihood: -703487	(delta): 7.80473
36 (QN/Block) 	Elapsed: 23.18	Loglikelihood: -703480	(delta): 7.64915
37 (QN/Block) 	Elapsed: 23.175	Loglikelihood: -703474	(delta): 5.47803
38 (QN/Block) 	Elapsed: 23.153	Loglikelihood: -703470	(delta): 3.71079
39 (QN/Block) 	Elapsed: 21.671	Loglikelihood: -703468	(delta): 2.08908
40 (QN/Block) 	Elapsed: 23.073	Loglikelihood: -703466	(delta): 2.35206
41 (QN/Block) 	Elapsed: 22.479	Loglikelihood: -703461	(delta): 5.11698
42 (QN/Block) 	Elapsed: 23.142	Loglikelihood: -703458	(delta): 2.55
43 (QN/Block) 	Elapsed: 20.997	Loglikelihood: -703458	(delta): 0.222848
44 (QN/Block) 	Elapsed: 23.087	Loglikelihood: -703458	(delta): 0.355886
45 (QN/Block) 	Elapsed: 23.149	Loglikelihood: -703457	(delta): 0.425991
46 (QN/Block) 	Elapsed: 22.426	Loglikelihood: -703457	(delta): 0.0598084
47 (QN/Block) 	Elapsed: 21.679	Loglikelihood: -703456	(delta): 1.70956
48 (QN/Block) 	Elapsed: 20.904	Loglikelihood: -703451	(delta): 4.51712
49 (QN/Block) 	Elapsed: 19.377	Loglikelihood: -703451	(delta): 0.0958827
50 (QN/Block) 	Elapsed: 19.515	Loglikelihood: -703451	(delta): 0.052364
51 (QN/Block) 	Elapsed: 22.894	Loglikelihood: -703451	(delta): 0.0130511
52 (QN/Block) 	Elapsed: 22.91	Loglikelihood: -703451	(delta): 0.0300336
53 (QN/Block) 	Elapsed: 20.937	Loglikelihood: -703451	(delta): 0.148405
54 (QN/Block) 	Elapsed: 22.911	Loglikelihood: -703451	(delta): 0.0349313
55 (QN/Block) 	Elapsed: 21.819	Loglikelihood: -703450	(delta): 0.293853
56 (QN/Block) 	Elapsed: 23.233	Loglikelihood: -703450	(delta): 0.159201
57 (QN/Block) 	Elapsed: 21.123	Loglikelihood: -703450	(delta): 0.0993718
58 (QN/Block) 	Elapsed: 21.001	Loglikelihood: -703450	(delta): 0.0180404
59 (QN/Block) 	Elapsed: 21.129	Loglikelihood: -703450	(delta): 0.00766473
60 (QN/Block) 	Elapsed: 21.091	Loglikelihood: -703450	(delta): 0.0047324
61 (QN/Block) 	Elapsed: 21.053	Loglikelihood: -703450	(delta): 0.00161936
62 (QN/Block) 	Elapsed: 20.992	Loglikelihood: -703450	(delta): 0.000477524
63 (QN/Block) 	Elapsed: 21.065	Loglikelihood: -703450	(delta): 0.000534973
64 (QN/Block) 	Elapsed: 21.142	Loglikelihood: -703450	(delta): 0.000123836
65 (QN/Block) 	Elapsed: 21.159	Loglikelihood: -703450	(delta): 0.00010326
66 (QN/Block) 	Elapsed: 21.084	Loglikelihood: -703450	(delta): 3.10404e-05
Summary: 
Converged in 66 iterations (1522.74 sec)
Loglikelihood: -703450.062391
Fst divergences between estimated populations: 
	Pop0	Pop1	Pop2	Pop3	Pop4	Pop5	
Pop0	
Pop1	0.176	
Pop2	0.135	0.176	
Pop3	0.203	0.256	0.195	
Pop4	0.333	0.403	0.304	0.371	
Pop5	0.173	0.199	0.121	0.201	0.275	
Pop6	0.171	0.133	0.145	0.204	0.330	0.167	
CV error (K=7): 0.02678
Writing output files.
