****                   ADMIXTURE Version 1.3.0                  ****
****                    Copyright 2008-2015                     ****
****           David Alexander, Suyash Shringarpure,            ****
****                John  Novembre, Ken Lange                   ****
****                                                            ****
****                 Please cite our paper!                     ****
****   Information at www.genetics.ucla.edu/software/admixture  ****

Cross-validation will be performed.  Folds=5.
Random seed: 43
Point estimation method: Block relaxation algorithm
Convergence acceleration algorithm: QuasiNewton, 3 secant conditions
Point estimation will terminate when objective function delta < 0.0001
Estimation of standard errors disabled; will compute point estimates only.
Size of G: 1846x16269
Performing five EM steps to prime main algorithm
1 (EM) 	Elapsed: 6.688	Loglikelihood: -917032	(delta): 4.34701e+07
2 (EM) 	Elapsed: 6.675	Loglikelihood: -830233	(delta): 86799.4
3 (EM) 	Elapsed: 6.661	Loglikelihood: -822964	(delta): 7268.78
4 (EM) 	Elapsed: 6.666	Loglikelihood: -818680	(delta): 4284.26
5 (EM) 	Elapsed: 6.661	Loglikelihood: -815653	(delta): 3027.17
Initial loglikelihood: -815653
Starting main algorithm
1 (QN/Block) 	Elapsed: 16.787	Loglikelihood: -768230	(delta): 47422.9
2 (QN/Block) 	Elapsed: 16.793	Loglikelihood: -740204	(delta): 28025.6
3 (QN/Block) 	Elapsed: 18.702	Loglikelihood: -727128	(delta): 13076
4 (QN/Block) 	Elapsed: 18.536	Loglikelihood: -720192	(delta): 6936.47
5 (QN/Block) 	Elapsed: 18.697	Loglikelihood: -716827	(delta): 3364.68
6 (QN/Block) 	Elapsed: 18.581	Loglikelihood: -715042	(delta): 1785.02
7 (QN/Block) 	Elapsed: 18.553	Loglikelihood: -714430	(delta): 611.645
8 (QN/Block) 	Elapsed: 18.71	Loglikelihood: -714131	(delta): 299.049
9 (QN/Block) 	Elapsed: 18.723	Loglikelihood: -713971	(delta): 159.868
10 (QN/Block) 	Elapsed: 18.662	Loglikelihood: -713839	(delta): 132.552
11 (QN/Block) 	Elapsed: 18.554	Loglikelihood: -713737	(delta): 102.378
12 (QN/Block) 	Elapsed: 18.041	Loglikelihood: -713523	(delta): 213.242
13 (QN/Block) 	Elapsed: 18.571	Loglikelihood: -713447	(delta): 75.9476
14 (QN/Block) 	Elapsed: 18.14	Loglikelihood: -713416	(delta): 31.5893
15 (QN/Block) 	Elapsed: 19.408	Loglikelihood: -713405	(delta): 10.6518
16 (QN/Block) 	Elapsed: 18.719	Loglikelihood: -713396	(delta): 9.21416
17 (QN/Block) 	Elapsed: 20.019	Loglikelihood: -713371	(delta): 25.2958
18 (QN/Block) 	Elapsed: 20.086	Loglikelihood: -713277	(delta): 93.6092
19 (QN/Block) 	Elapsed: 18.757	Loglikelihood: -713238	(delta): 38.756
20 (QN/Block) 	Elapsed: 20.071	Loglikelihood: -713210	(delta): 28.4021
21 (QN/Block) 	Elapsed: 20.004	Loglikelihood: -713167	(delta): 43.1616
22 (QN/Block) 	Elapsed: 18.226	Loglikelihood: -713136	(delta): 30.8831
23 (QN/Block) 	Elapsed: 20.109	Loglikelihood: -713116	(delta): 19.8981
24 (QN/Block) 	Elapsed: 18.522	Loglikelihood: -713098	(delta): 18.4161
25 (QN/Block) 	Elapsed: 18.858	Loglikelihood: -713091	(delta): 6.50034
26 (QN/Block) 	Elapsed: 20.025	Loglikelihood: -712970	(delta): 121.426
27 (QN/Block) 	Elapsed: 19.872	Loglikelihood: -712835	(delta): 134.794
28 (QN/Block) 	Elapsed: 20.031	Loglikelihood: -712813	(delta): 21.6577
29 (QN/Block) 	Elapsed: 20.022	Loglikelihood: -712800	(delta): 12.7805
30 (QN/Block) 	Elapsed: 19.44	Loglikelihood: -712792	(delta): 8.45934
31 (QN/Block) 	Elapsed: 19.353	Loglikelihood: -712790	(delta): 2.29747
32 (QN/Block) 	Elapsed: 19.772	Loglikelihood: -712788	(delta): 1.79706
33 (QN/Block) 	Elapsed: 19.782	Loglikelihood: -712774	(delta): 13.3496
34 (QN/Block) 	Elapsed: 19.719	Loglikelihood: -712771	(delta): 3.37863
35 (QN/Block) 	Elapsed: 20.073	Loglikelihood: -712770	(delta): 1.00886
36 (QN/Block) 	Elapsed: 20.127	Loglikelihood: -712770	(delta): 0.317336
37 (QN/Block) 	Elapsed: 19.859	Loglikelihood: -712769	(delta): 1.03742
38 (QN/Block) 	Elapsed: 20.045	Loglikelihood: -712768	(delta): 0.407295
39 (QN/Block) 	Elapsed: 20.131	Loglikelihood: -712768	(delta): 0.390226
40 (QN/Block) 	Elapsed: 20.082	Loglikelihood: -712767	(delta): 0.950378
41 (QN/Block) 	Elapsed: 19.729	Loglikelihood: -712764	(delta): 3.20827
42 (QN/Block) 	Elapsed: 20.1	Loglikelihood: -712760	(delta): 3.83133
43 (QN/Block) 	Elapsed: 20.041	Loglikelihood: -712753	(delta): 7.32461
44 (QN/Block) 	Elapsed: 20.031	Loglikelihood: -712749	(delta): 3.19863
45 (QN/Block) 	Elapsed: 18.046	Loglikelihood: -712748	(delta): 1.25326
46 (QN/Block) 	Elapsed: 20.024	Loglikelihood: -712745	(delta): 2.68136
47 (QN/Block) 	Elapsed: 20.058	Loglikelihood: -712745	(delta): 0.355851
48 (QN/Block) 	Elapsed: 20.09	Loglikelihood: -712744	(delta): 1.04755
49 (QN/Block) 	Elapsed: 19.436	Loglikelihood: -712741	(delta): 3.02059
50 (QN/Block) 	Elapsed: 19.961	Loglikelihood: -712733	(delta): 7.55932
51 (QN/Block) 	Elapsed: 19.345	Loglikelihood: -712730	(delta): 3.13055
52 (QN/Block) 	Elapsed: 18.708	Loglikelihood: -712729	(delta): 1.05848
53 (QN/Block) 	Elapsed: 19.635	Loglikelihood: -712727	(delta): 2.21239
54 (QN/Block) 	Elapsed: 19.767	Loglikelihood: -712725	(delta): 2.14543
55 (QN/Block) 	Elapsed: 19.749	Loglikelihood: -712725	(delta): 0.380681
56 (QN/Block) 	Elapsed: 19.982	Loglikelihood: -712724	(delta): 0.389432
57 (QN/Block) 	Elapsed: 19.797	Loglikelihood: -712721	(delta): 3.20231
58 (QN/Block) 	Elapsed: 19.798	Loglikelihood: -712719	(delta): 2.20755
59 (QN/Block) 	Elapsed: 19.267	Loglikelihood: -712716	(delta): 2.29689
60 (QN/Block) 	Elapsed: 19.226	Loglikelihood: -712716	(delta): 0.237178
61 (QN/Block) 	Elapsed: 18.678	Loglikelihood: -712716	(delta): 0.0826748
62 (QN/Block) 	Elapsed: 18.036	Loglikelihood: -712716	(delta): 0.0875367
63 (QN/Block) 	Elapsed: 18.06	Loglikelihood: -712716	(delta): 0.0482507
64 (QN/Block) 	Elapsed: 19.183	Loglikelihood: -712716	(delta): 0.141609
65 (QN/Block) 	Elapsed: 18.613	Loglikelihood: -712716	(delta): 0.114541
66 (QN/Block) 	Elapsed: 20.102	Loglikelihood: -712716	(delta): 0.0404536
67 (QN/Block) 	Elapsed: 19.941	Loglikelihood: -712716	(delta): 0.126202
68 (QN/Block) 	Elapsed: 19.941	Loglikelihood: -712715	(delta): 0.308896
69 (QN/Block) 	Elapsed: 19.927	Loglikelihood: -712715	(delta): 0.198404
70 (QN/Block) 	Elapsed: 20.105	Loglikelihood: -712715	(delta): 0.120903
71 (QN/Block) 	Elapsed: 20.025	Loglikelihood: -712715	(delta): 0.0110344
72 (QN/Block) 	Elapsed: 18.363	Loglikelihood: -712715	(delta): 0.014184
73 (QN/Block) 	Elapsed: 19.985	Loglikelihood: -712715	(delta): 0.00304606
74 (QN/Block) 	Elapsed: 18.163	Loglikelihood: -712715	(delta): 0.00106644
75 (QN/Block) 	Elapsed: 18.361	Loglikelihood: -712715	(delta): 0.00144585
76 (QN/Block) 	Elapsed: 18.319	Loglikelihood: -712715	(delta): 0.00156738
77 (QN/Block) 	Elapsed: 18.27	Loglikelihood: -712715	(delta): 0.000253442
78 (QN/Block) 	Elapsed: 18.221	Loglikelihood: -712715	(delta): 0.00015328
79 (QN/Block) 	Elapsed: 18.373	Loglikelihood: -712715	(delta): 7.50618e-05
Summary: 
Converged in 79 iterations (1605.02 sec)
Loglikelihood: -712714.905575
Fst divergences between estimated populations: 
	Pop0	Pop1	Pop2	Pop3	Pop4	
Pop0	
Pop1	0.169	
Pop2	0.164	0.187	
Pop3	0.195	0.165	0.147	
Pop4	0.174	0.140	0.160	0.135	
Pop5	0.199	0.184	0.127	0.125	0.151	
CV error (K=6): 0.02700
Writing output files.
