This is pdfTeX, Version 3.14159265-2.6-1.40.20 (TeX Live 2019) (preloaded format=pdflatex)
 restricted \write18 enabled.

kpathsea: Running mktexfmt pdflatex.fmt
mktexfmt: mktexfmt is using the following fmtutil.cnf files (in precedence order):
mktexfmt:   /usr/share/texlive/texmf-dist/web2c/fmtutil.cnf
mktexfmt: mktexfmt is using the following fmtutil.cnf file for writing changes:
mktexfmt:   /data/home/students/p.wolper/.texlive2019/texmf-config/web2c/fmtutil.cnf
mktexfmt [INFO]: writing formats under /data/home/students/p.wolper/.texlive2019/texmf-var/web2c
mktexfmt [INFO]: --- remaking pdflatex with pdftex
mktexfmt: running `pdftex -ini   -jobname=pdflatex -progname=pdflatex -translate-file=cp227.tcx *pdflatex.ini' ...
This is pdfTeX, Version 3.14159265-2.6-1.40.20 (TeX Live 2019) (INITEX)
 restricted \write18 enabled.
 (/usr/share/texlive/texmf-dist/web2c/cp227.tcx)
entering extended mode
(/usr/share/texlive/texmf-dist/tex/latex/latexconfig/pdflatex.ini
(/usr/share/texlive/texmf-dist/tex/generic/tex-ini-files/pdftexconfig.tex)
(/usr/share/texlive/texmf-dist/tex/latex/base/latex.ltx
(/usr/share/texlive/texmf-dist/tex/latex/base/texsys.cfg)
./texsys.aux found


\@currdir set to: ./.


Assuming \openin and \input 
have the same search path.


Defining UNIX/DOS style filename parser.

catcodes, registers, parameters,
LaTeX2e <2018-12-01>
hacks, control, par, spacing, files, font encodings, lengths,
====================================

Local config file fonttext.cfg used

====================================
(/usr/share/texlive/texmf-dist/tex/latex/base/fonttext.cfg
(/usr/share/texlive/texmf-dist/tex/latex/base/fonttext.ltx
=== Don't modify this file, use a .cfg file instead ===

(/usr/share/texlive/texmf-dist/tex/latex/base/omlenc.def)
(/usr/share/texlive/texmf-dist/tex/latex/base/t1enc.def)
(/usr/share/texlive/texmf-dist/tex/latex/base/ot1enc.def)
(/usr/share/texlive/texmf-dist/tex/latex/base/omsenc.def)
(/usr/share/texlive/texmf-dist/tex/latex/base/t1cmr.fd)
(/usr/share/texlive/texmf-dist/tex/latex/base/ot1cmr.fd)
(/usr/share/texlive/texmf-dist/tex/latex/base/ot1cmss.fd)
(/usr/share/texlive/texmf-dist/tex/latex/base/ot1cmtt.fd)))
====================================

Local config file fontmath.cfg used

====================================
(/usr/share/texlive/texmf-dist/tex/latex/base/fontmath.cfg
(/usr/share/texlive/texmf-dist/tex/latex/base/fontmath.ltx
=== Don't modify this file, use a .cfg file instead ===

(/usr/share/texlive/texmf-dist/tex/latex/base/omlcmm.fd)
(/usr/share/texlive/texmf-dist/tex/latex/base/omscmsy.fd)
(/usr/share/texlive/texmf-dist/tex/latex/base/omxcmex.fd)
(/usr/share/texlive/texmf-dist/tex/latex/base/ucmr.fd)))
====================================

Local config file preload.cfg used

=====================================
(/usr/share/texlive/texmf-dist/tex/latex/base/preload.cfg
(/usr/share/texlive/texmf-dist/tex/latex/base/preload.ltx)) page nos., x-ref,
environments, center, verbatim, math definitions, boxes, title, sectioning,
contents, floats, footnotes, index, bibliography, output,
===========================================
Local configuration file hyphen.cfg used
===========================================
(/usr/share/texlive/texmf-dist/tex/generic/babel/hyphen.cfg
(/usr/share/texlive/texmf-dist/tex/generic/babel/switch.def)
(/usr/share/texlive/texmf-dist/tex/generic/hyphen/hyphen.tex)
(/usr/share/texlive/texmf-dist/tex/generic/hyphen/dumyhyph.tex)
(/usr/share/texlive/texmf-dist/tex/generic/hyphen/zerohyph.tex))
(/usr/share/texlive/texmf-dist/tex/latex/base/utf8.def
(/usr/share/texlive/texmf-dist/tex/latex/base/t1enc.dfu)
(/usr/share/texlive/texmf-dist/tex/latex/base/ot1enc.dfu)
(/usr/share/texlive/texmf-dist/tex/latex/base/omsenc.dfu))
 ) )
Beginning to dump on file pdflatex.fmt
 (preloaded format=pdflatex 2023.5.16)
5447 strings of total length 72682
51327 memory locations dumped; current usage is 144&51153
3775 multiletter control sequences
\font\nullfont=nullfont
\font\OMX/cmex/m/n/10=cmex10
\font\tenln=line10
\font\tenlnw=linew10
\font\tencirc=lcircle10
\font\tencircw=lcirclew10
\font\OT1/cmr/m/n/5=cmr5
\font\OT1/cmr/m/n/7=cmr7
\font\OT1/cmr/m/n/10=cmr10
\font\OML/cmm/m/it/5=cmmi5
\font\OML/cmm/m/it/7=cmmi7
\font\OML/cmm/m/it/10=cmmi10
\font\OMS/cmsy/m/n/5=cmsy5
\font\OMS/cmsy/m/n/7=cmsy7
\font\OMS/cmsy/m/n/10=cmsy10
3633 words of font info for 14 preloaded fonts
14 hyphenation exceptions
Hyphenation trie of length 6081 has 183 ops out of 35111
  2 for language 1
  181 for language 0
0 words of pdfTeX memory
0 indirect objects
No pages of output.
Transcript written on pdflatex.log.
mktexfmt [INFO]: /data/home/students/p.wolper/.texlive2019/texmf-var/web2c/pdftex/pdflatex.fmt installed.
mktexfmt [INFO]: Successfully rebuilt formats: 1
mktexfmt [INFO]: Not selected formats: 15
mktexfmt [INFO]: Total formats: 16
mktexfmt [INFO]: exiting with status 0
entering extended mode
(./summary.tex
LaTeX2e <2018-12-01>

(/usr/share/texlive/texmf-dist/tex/latex/memoir/memoir.cls
Document Class: memoir 2018/12/12 v3.7h configurable book, report, article docu
ment class
(/usr/share/texlive/texmf-dist/tex/generic/oberdiek/ifpdf.sty)
(/usr/share/texlive/texmf-dist/tex/latex/ifetex/ifetex.sty
(/usr/share/texlive/texmf-dist/tex/plain/ifetex/ifetex.tex))
(/usr/share/texlive/texmf-dist/tex/generic/ifxetex/ifxetex.sty)
(/usr/share/texlive/texmf-dist/tex/generic/oberdiek/ifluatex.sty)
(/usr/share/texlive/texmf-dist/tex/latex/memoir/mem17.clo)
(/usr/share/texlive/texmf-dist/tex/latex/tools/array.sty)
(/usr/share/texlive/texmf-dist/tex/latex/tools/dcolumn.sty)
(/usr/share/texlive/texmf-dist/tex/latex/tools/delarray.sty)
(/usr/share/texlive/texmf-dist/tex/latex/tools/tabularx.sty))

******************************************************
Stock height and width: 540.60236pt by 722.69981pt
Top and edge trims: 0pt and 0pt
Page height and width: 540.60236pt by 722.69981pt
Text height and width: 455.24411pt by 665pt
Spine and edge margins: 28.45274pt and 28.45274pt
Upper and lower margins: 42.67912pt and 42.67912pt
Headheight and headsep: 2.84526pt and 2.84526pt
Footskip: 28.45274pt
Columnsep and columnseprule: 10pt and 0pt
Marginparsep and marginparwidth: 2.84526pt and 2.84526pt
Sidecapsep and sidecapwidth: 11.09485pt and 47pt
Sidebarhsep and sidebarwidth: 11.09485pt and 47pt
Sidebarvsep and sidebartopsep: 22pt and 0pt
Sidebarheight: 543.39993pt
Sidefoothsep and sidefootwidth: 11.09485pt and 47pt
Sidefootvsep and sidefootheight: 22pt and 543.39993pt
******************************************************

(/usr/share/texlive/texmf-dist/tex/latex/psnfss/charter.sty)
(/usr/share/texlive/texmf-dist/tex/latex/graphics/graphicx.sty
(/usr/share/texlive/texmf-dist/tex/latex/graphics/keyval.sty)
(/usr/share/texlive/texmf-dist/tex/latex/graphics/graphics.sty
(/usr/share/texlive/texmf-dist/tex/latex/graphics/trig.sty)
(/usr/share/texlive/texmf-dist/tex/latex/graphics-cfg/graphics.cfg)
(/usr/share/texlive/texmf-dist/tex/latex/graphics-def/pdftex.def)))

! LaTeX Error: File `multirow.sty' not found.

Type X to quit or <RETURN> to proceed,
or enter new name. (Default extension: sty)

Enter file name: 
! Emergency stop.
<read *> 
         
l.37 \setlength
               {\tabcolsep}{0.6em}^^M
!  ==> Fatal error occurred, no output PDF file produced!
Transcript written on summary.log.
